2025-02-26 16:29:53 - Starting PayrollApplication using Java 21.0.6 with PID 16334 (/home/coderxyz/CapgaminiLabWorks/PayRoll2/target/classes started by coderxyz in /home/coderxyz/CapgaminiLabWorks/PayRoll2)
2025-02-26 16:29:53 - No active profile set, falling back to 1 default profile: "default"
2025-02-26 16:29:58 - Bootstrapping Spring Data JPA repositories in DEFAULT mode.
2025-02-26 16:29:58 - Finished Spring Data repository scanning in 296 ms. Found 1 JPA repository interface.
2025-02-26 16:30:01 - Tomcat initialized with port 8080 (http)
2025-02-26 16:30:01 - Starting service [Tomcat]
2025-02-26 16:30:01 - Starting Servlet engine: [Apache Tomcat/10.1.36]
2025-02-26 16:30:01 - Initializing Spring embedded WebApplicationContext
2025-02-26 16:30:01 - Root WebApplicationContext: initialization completed in 7846 ms
2025-02-26 16:30:02 - HHH000204: Processing PersistenceUnitInfo [name: default]
2025-02-26 16:30:03 - HHH000412: Hibernate ORM core version 6.6.8.Final
2025-02-26 16:30:03 - HHH000026: Second-level cache disabled
2025-02-26 16:30:04 - No LoadTimeWeaver setup: ignoring JPA class transformer
2025-02-26 16:30:04 - HikariPool-1 - Starting...
2025-02-26 16:30:05 - HikariPool-1 - Added connection com.mysql.cj.jdbc.ConnectionImpl@68e24e7
2025-02-26 16:30:05 - HikariPool-1 - Start completed.
2025-02-26 16:30:05 - HHH90000025: MySQLDialect does not need to be specified explicitly using 'hibernate.dialect' (remove the property setting and it will be selected by default)
2025-02-26 16:30:05 - HHH10001005: Database info:
	Database JDBC URL [Connecting through datasource 'HikariDataSource (HikariPool-1)']
	Database driver: undefined/unknown
	Database version: 8.0.41
	Autocommit mode: undefined/unknown
	Isolation level: undefined/unknown
	Minimum pool size: undefined/unknown
	Maximum pool size: undefined/unknown
2025-02-26 16:30:08 - HHH000489: No JTA platform available (set 'hibernate.transaction.jta.platform' to enable JTA platform integration)
2025-02-26 16:30:08 - Initialized JPA EntityManagerFactory for persistence unit 'default'
2025-02-26 16:30:08 - spring.jpa.open-in-view is enabled by default. Therefore, database queries may be performed during view rendering. Explicitly configure spring.jpa.open-in-view to disable this warning
2025-02-26 16:30:09 - Cannot find template location: classpath:/templates/ (please add some templates, check your Thymeleaf configuration, or set spring.thymeleaf.check-template-location=false)
2025-02-26 16:30:10 - Initializing JpaMetamodelMappingContext…
2025-02-26 16:30:10 - Finished initializing JpaMetamodelMappingContext
2025-02-26 16:30:11 - Tomcat started on port 8080 (http) with context path '/'
2025-02-26 16:30:11 - Started PayrollApplication in 21.406 seconds (process running for 24.061)
2025-02-26 16:30:15 - Commencing graceful shutdown. Waiting for active requests to complete
2025-02-26 16:30:16 - Graceful shutdown complete
2025-02-26 16:30:16 - Closing JPA EntityManagerFactory for persistence unit 'default'
2025-02-26 16:30:16 - HikariPool-1 - Shutdown initiated...
2025-02-26 16:30:16 - HikariPool-1 - Shutdown completed.
2025-02-26 16:30:24 - Starting PayrollApplication using Java 21.0.6 with PID 16431 (/home/coderxyz/CapgaminiLabWorks/PayRoll2/target/classes started by coderxyz in /home/coderxyz/CapgaminiLabWorks/PayRoll2)
2025-02-26 16:30:24 - No active profile set, falling back to 1 default profile: "default"
2025-02-26 16:30:28 - Bootstrapping Spring Data JPA repositories in DEFAULT mode.
2025-02-26 16:30:28 - Finished Spring Data repository scanning in 207 ms. Found 1 JPA repository interface.
2025-02-26 16:30:31 - Tomcat initialized with port 8080 (http)
2025-02-26 16:30:31 - Starting service [Tomcat]
2025-02-26 16:30:31 - Starting Servlet engine: [Apache Tomcat/10.1.36]
2025-02-26 16:30:31 - Initializing Spring embedded WebApplicationContext
2025-02-26 16:30:31 - Root WebApplicationContext: initialization completed in 6807 ms
2025-02-26 16:30:32 - HHH000204: Processing PersistenceUnitInfo [name: default]
2025-02-26 16:30:32 - HHH000412: Hibernate ORM core version 6.6.8.Final
2025-02-26 16:30:32 - HHH000026: Second-level cache disabled
2025-02-26 16:30:33 - No LoadTimeWeaver setup: ignoring JPA class transformer
2025-02-26 16:30:33 - HikariPool-1 - Starting...
2025-02-26 16:30:34 - HikariPool-1 - Added connection com.mysql.cj.jdbc.ConnectionImpl@6a6d1ff3
2025-02-26 16:30:34 - HikariPool-1 - Start completed.
2025-02-26 16:30:34 - HHH90000025: MySQLDialect does not need to be specified explicitly using 'hibernate.dialect' (remove the property setting and it will be selected by default)
2025-02-26 16:30:34 - HHH10001005: Database info:
	Database JDBC URL [Connecting through datasource 'HikariDataSource (HikariPool-1)']
	Database driver: undefined/unknown
	Database version: 8.0.41
	Autocommit mode: undefined/unknown
	Isolation level: undefined/unknown
	Minimum pool size: undefined/unknown
	Maximum pool size: undefined/unknown
2025-02-26 16:30:37 - HHH000489: No JTA platform available (set 'hibernate.transaction.jta.platform' to enable JTA platform integration)
2025-02-26 16:30:38 - Initialized JPA EntityManagerFactory for persistence unit 'default'
2025-02-26 16:30:38 - spring.jpa.open-in-view is enabled by default. Therefore, database queries may be performed during view rendering. Explicitly configure spring.jpa.open-in-view to disable this warning
2025-02-26 16:30:39 - Cannot find template location: classpath:/templates/ (please add some templates, check your Thymeleaf configuration, or set spring.thymeleaf.check-template-location=false)
2025-02-26 16:30:40 - Initializing JpaMetamodelMappingContext…
2025-02-26 16:30:40 - Finished initializing JpaMetamodelMappingContext
2025-02-26 16:30:40 - Tomcat started on port 8080 (http) with context path '/'
2025-02-26 16:30:40 - Started PayrollApplication in 19.649 seconds (process running for 21.994)
2025-02-26 16:30:59 - Initializing Spring DispatcherServlet 'dispatcherServlet'
2025-02-26 16:30:59 - Initializing Servlet 'dispatcherServlet'
2025-02-26 16:30:59 - Completed initialization in 9 ms
2025-02-26 16:31:00 - Attempting to save new employee with name: Neeraj
2025-02-26 16:31:00 - Employee saved successfully: Employee(id=0, name=Neeraj, salary=850000.0, startDate=2025-02-26, gender=Not Specified)
2025-02-26 16:45:09 - Commencing graceful shutdown. Waiting for active requests to complete
2025-02-26 16:45:09 - Graceful shutdown complete
2025-02-26 16:45:09 - Closing JPA EntityManagerFactory for persistence unit 'default'
2025-02-26 16:45:09 - HikariPool-1 - Shutdown initiated...
2025-02-26 16:45:09 - HikariPool-1 - Shutdown completed.
2025-02-26 16:45:30 - Starting PayrollApplication using Java 21.0.6 with PID 17037 (/home/coderxyz/CapgaminiLabWorks/PayRoll2/target/classes started by coderxyz in /home/coderxyz/CapgaminiLabWorks/PayRoll2)
2025-02-26 16:45:30 - No active profile set, falling back to 1 default profile: "default"
2025-02-26 16:45:36 - Bootstrapping Spring Data JPA repositories in DEFAULT mode.
2025-02-26 16:45:36 - Scanning for JPA repositories in packages com.bridgelabz.payroll.
2025-02-26 16:45:36 - Identified candidate component class: file [/home/coderxyz/CapgaminiLabWorks/PayRoll2/target/classes/com/bridgelabz/payroll/repository/EmployeeRepository.class]
2025-02-26 16:45:37 - Finished Spring Data repository scanning in 377 ms. Found 1 JPA repository interface.
2025-02-26 16:45:40 - Tomcat initialized with port 8080 (http)
2025-02-26 16:45:40 - Starting service [Tomcat]
2025-02-26 16:45:40 - Starting Servlet engine: [Apache Tomcat/10.1.36]
2025-02-26 16:45:40 - Initializing Spring embedded WebApplicationContext
2025-02-26 16:45:40 - Root WebApplicationContext: initialization completed in 9223 ms
2025-02-26 16:45:41 - HHH000204: Processing PersistenceUnitInfo [name: default]
2025-02-26 16:45:41 - HHH000412: Hibernate ORM core version 6.6.8.Final
2025-02-26 16:45:41 - HHH000026: Second-level cache disabled
2025-02-26 16:45:42 - No LoadTimeWeaver setup: ignoring JPA class transformer
2025-02-26 16:45:42 - HikariPool-1 - Starting...
2025-02-26 16:45:43 - HikariPool-1 - Added connection com.mysql.cj.jdbc.ConnectionImpl@340c5fb6
2025-02-26 16:45:43 - HikariPool-1 - Start completed.
2025-02-26 16:45:43 - Database ->
	   name : MySQL
	version : 8.0.41-0ubuntu0.24.04.1
	  major : 8
	  minor : 0
2025-02-26 16:45:43 - Driver ->
	   name : MySQL Connector/J
	version : mysql-connector-j-8.0.33 (Revision: 7d6b0800528b6b25c68b52dc10d6c1c8429c100c)
	  major : 8
	  minor : 0
2025-02-26 16:45:43 - JDBC version : 4.2
2025-02-26 16:45:44 - HHH90000025: MySQLDialect does not need to be specified explicitly using 'hibernate.dialect' (remove the property setting and it will be selected by default)
2025-02-26 16:45:44 - JDBC driver metadata reported database stores quoted identifiers in more than one case
2025-02-26 16:45:44 - IdentifierCaseStrategy for both quoted and unquoted identifiers was set to the same strategy [MIXED]; that will likely lead to problems in schema update and validation if using quoted identifiers
2025-02-26 16:45:44 - HHH10001005: Database info:
	Database JDBC URL [Connecting through datasource 'HikariDataSource (HikariPool-1)']
	Database driver: undefined/unknown
	Database version: 8.0.41
	Autocommit mode: undefined/unknown
	Isolation level: undefined/unknown
	Minimum pool size: undefined/unknown
	Maximum pool size: undefined/unknown
2025-02-26 16:45:48 - HHH000489: No JTA platform available (set 'hibernate.transaction.jta.platform' to enable JTA platform integration)
2025-02-26 16:45:48 - Initialized JPA EntityManagerFactory for persistence unit 'default'
2025-02-26 16:45:49 - spring.jpa.open-in-view is enabled by default. Therefore, database queries may be performed during view rendering. Explicitly configure spring.jpa.open-in-view to disable this warning
2025-02-26 16:45:49 - Cannot find template location: classpath:/templates/ (please add some templates, check your Thymeleaf configuration, or set spring.thymeleaf.check-template-location=false)
2025-02-26 16:45:50 - Initializing JpaMetamodelMappingContext…
2025-02-26 16:45:50 - Finished initializing JpaMetamodelMappingContext
2025-02-26 16:45:50 - Initializing repository instance for com.bridgelabz.payroll.repository.EmployeeRepository…
2025-02-26 16:45:50 - Finished creation of repository instance for com.bridgelabz.payroll.repository.EmployeeRepository.
2025-02-26 16:45:51 - Tomcat started on port 8080 (http) with context path '/'
2025-02-26 16:45:51 - Started PayrollApplication in 24.733 seconds (process running for 28.844)
2025-02-26 16:46:52 - Initializing Spring DispatcherServlet 'dispatcherServlet'
2025-02-26 16:46:52 - Initializing Servlet 'dispatcherServlet'
2025-02-26 16:46:52 - Completed initialization in 10 ms
2025-02-26 16:46:53 - Attempting to save new employee with name: Neeraj Sen
2025-02-26 16:46:53 - Employee saved successfully: Employee(id=0, name=Neeraj Sen, salary=850000.0, startDate=2025-02-26, gender=Not Specified)
2025-02-26 16:47:23 - Attempting to save new employee with name: Lokendraa 
2025-02-26 16:47:23 - Employee saved successfully: Employee(id=0, name=Lokendraa , salary=850000.0, startDate=2025-02-26, gender=Not Specified)
2025-02-26 16:47:45 - Fetching all employees from the memory store.
